
<dict>
	cocos2d.x.version: 2.2.1
	cocos2d.x.compiled_with_profiler: false
	cocos2d.x.compiled_with_gl_state_cache: true
	gl.vendor: Intel
	gl.renderer: Intel(R) HD Graphics
	gl.version: 2.1.0 - Build 8.15.10.2555
	gl.max_texture_size: 4096
	gl.max_texture_units: 16
	gl.supports_PVRTC: false
	gl.supports_NPOT: true
	gl.supports_BGRA8888: false
	gl.supports_discard_framebuffer: false
	gl.supports_vertex_array_object: true
</dict>
lua_loadChunksFromZIP() - load zip file: E:\android\quick-cocos2d-x\lib\framework_precompiled\framework_precompiled.zip
lua_loadChunksFromZIP() - loaded chunks count: 60
------------------------------------------------
LOAD LUA FILE: D:/git/luaJava/Luajavabridge/assets/scripts/main.lua
------------------------------------------------
[0.1803] [INFO] 
[0.1807] [INFO] # DEBUG                        = 2
[0.1812] [INFO] #
[0.1823] [INFO] # device.platform              = windows
[0.1830] [INFO] # device.model                 = unknown
[0.1836] [INFO] # device.language              = cn
[0.1843] [INFO] # device.writablePath          = D:\git\luaJava\Luajavabridge\assets\
[0.1854] [INFO] # device.cachePath             = D:\git\luaJava\Luajavabridge\assets\
[0.1866] [INFO] # device.directorySeparator    = \
[0.1872] [INFO] # device.pathSeparator         = ;
[0.1877] [INFO] #
[0.1914] [INFO] # CONFIG_SCREEN_AUTOSCALE      = FIXED_HEIGHT
[0.1920] [INFO] # CONFIG_SCREEN_WIDTH          = 640.00
[0.1929] [INFO] # CONFIG_SCREEN_HEIGHT         = 700.00
[0.1936] [INFO] # display.widthInPixels        = 640.00
[0.1944] [INFO] # display.heightInPixels       = 700.00
[0.1951] [INFO] # display.contentScaleFactor   = 1.00
[0.1960] [INFO] # display.width                = 640.00
[0.1968] [INFO] # display.height               = 700.00
[0.1975] [INFO] # display.cx                   = 320.00
[0.1983] [INFO] # display.cy                   = 350.00
[0.1991] [INFO] # display.left                 = 0.00
[0.1999] [INFO] # display.right                = 640.00
[0.2007] [INFO] # display.top                  = 700.00
[0.2020] [INFO] # display.bottom               = 0.00
[0.2028] [INFO] # display.c_left               = -320.00
[0.2034] [INFO] # display.c_right              = 320.00
[0.2041] [INFO] # display.c_top                = 350.00
[0.2047] [INFO] # display.c_bottom             = -350.00
[0.2054] [INFO] #
[0.2069] [INFO] audio.preloadMusic() - filename: sound/newdali.mp3
Get data from file(sight_read_header_def.png) failed!
[LUA ERROR] ASSERT FAILED ON LUA EXECUTE: CCSpriteBatchNode::initWithTexture() - invalid tex
